<?xml version="1.0" encoding="UTF-8" ?>
<testsuite errors="0" failures="0" hostname="IS-DEV-Win12-1" name="test.FlywayDBUnit_Tests" skipped="0" tests="5" time="1.023" timestamp="2017-11-02T12:23:07">
  <properties>
[...]
</properties>
  <testcase classname="test.FlywayDBUnit_Tests" name="testCheckActualvsLoaded5" time="0.925" />
  <testcase classname="test.FlywayDBUnit_Tests" name="testCheckXMLRowCount" time="0.013" />
  <testcase classname="test.FlywayDBUnit_Tests" name="testCheckXMLDataNonNUllability2" time="0.009" />
  <testcase classname="test.FlywayDBUnit_Tests" name="testCheckXMLDataNonNUllability3" time="0.01" />
  <testcase classname="test.FlywayDBUnit_Tests" name="testCheckXMLDataNonNUllability4" time="0.01" />
  <system-out><![CDATA[Entering getDataSet() method****
Exiting getDataSet() method****
rowCount :3
]]></system-out>
  <system-err><![CDATA[]]></system-err>
</testsuite>
